  Game.cpp
C:\Users\Conor\OneDrive - Abertay University\Documents\GitHub\game_states-conorreid97 - Classes_3\build\vs2017\Game.cpp(85,21): warning C4150: deletion of pointer to incomplete type 'gef::Mesh'; no destructor called
C:\Users\Conor\OneDrive - Abertay University\Documents\GitHub\gef_abertay\system\platform.h(19): message : see declaration of 'gef::Mesh'
C:\Users\Conor\OneDrive - Abertay University\Documents\GitHub\game_states-conorreid97 - Classes_3\build\vs2017\Game.cpp(205,41): warning C4244: 'argument': conversion from 'Int32' to 'const float', possible loss of data
C:\Users\Conor\OneDrive - Abertay University\Documents\GitHub\game_states-conorreid97 - Classes_3\build\vs2017\Game.cpp(206,39): warning C4244: 'argument': conversion from 'Int32' to 'const float', possible loss of data
gef_d3d11.lib(ThreadImpl.cpp.obj) : warning LNK4099: PDB 'sfml-system-s-d.pdb' was not found with 'gef_d3d11.lib(ThreadImpl.cpp.obj)' or at 'C:\Users\Conor\OneDrive - Abertay University\Documents\GitHub\game_states-conorreid97 - Classes_3\build\vs2017\Win32\Debug\sfml-system-s-d.pdb'; linking object as if no debug info
gef_d3d11.lib(SleepImpl.cpp.obj) : warning LNK4099: PDB 'sfml-system-s-d.pdb' was not found with 'gef_d3d11.lib(SleepImpl.cpp.obj)' or at 'C:\Users\Conor\OneDrive - Abertay University\Documents\GitHub\game_states-conorreid97 - Classes_3\build\vs2017\Win32\Debug\sfml-system-s-d.pdb'; linking object as if no debug info
gef_d3d11.lib(MutexImpl.cpp.obj) : warning LNK4099: PDB 'sfml-system-s-d.pdb' was not found with 'gef_d3d11.lib(MutexImpl.cpp.obj)' or at 'C:\Users\Conor\OneDrive - Abertay University\Documents\GitHub\game_states-conorreid97 - Classes_3\build\vs2017\Win32\Debug\sfml-system-s-d.pdb'; linking object as if no debug info
gef_d3d11.lib(MemoryInputStream.cpp.obj) : warning LNK4099: PDB 'sfml-system-s-d.pdb' was not found with 'gef_d3d11.lib(MemoryInputStream.cpp.obj)' or at 'C:\Users\Conor\OneDrive - Abertay University\Documents\GitHub\game_states-conorreid97 - Classes_3\build\vs2017\Win32\Debug\sfml-system-s-d.pdb'; linking object as if no debug info
gef_d3d11.lib(FileInputStream.cpp.obj) : warning LNK4099: PDB 'sfml-system-s-d.pdb' was not found with 'gef_d3d11.lib(FileInputStream.cpp.obj)' or at 'C:\Users\Conor\OneDrive - Abertay University\Documents\GitHub\game_states-conorreid97 - Classes_3\build\vs2017\Win32\Debug\sfml-system-s-d.pdb'; linking object as if no debug info
gef_d3d11.lib(Time.cpp.obj) : warning LNK4099: PDB 'sfml-system-s-d.pdb' was not found with 'gef_d3d11.lib(Time.cpp.obj)' or at 'C:\Users\Conor\OneDrive - Abertay University\Documents\GitHub\game_states-conorreid97 - Classes_3\build\vs2017\Win32\Debug\sfml-system-s-d.pdb'; linking object as if no debug info
gef_d3d11.lib(Thread.cpp.obj) : warning LNK4099: PDB 'sfml-system-s-d.pdb' was not found with 'gef_d3d11.lib(Thread.cpp.obj)' or at 'C:\Users\Conor\OneDrive - Abertay University\Documents\GitHub\game_states-conorreid97 - Classes_3\build\vs2017\Win32\Debug\sfml-system-s-d.pdb'; linking object as if no debug info
gef_d3d11.lib(Sleep.cpp.obj) : warning LNK4099: PDB 'sfml-system-s-d.pdb' was not found with 'gef_d3d11.lib(Sleep.cpp.obj)' or at 'C:\Users\Conor\OneDrive - Abertay University\Documents\GitHub\game_states-conorreid97 - Classes_3\build\vs2017\Win32\Debug\sfml-system-s-d.pdb'; linking object as if no debug info
gef_d3d11.lib(Mutex.cpp.obj) : warning LNK4099: PDB '' was not found with 'gef_d3d11.lib(Mutex.cpp.obj)' or at ''; linking object as if no debug info
gef_d3d11.lib(Lock.cpp.obj) : warning LNK4099: PDB 'sfml-system-s-d.pdb' was not found with 'gef_d3d11.lib(Lock.cpp.obj)' or at 'C:\Users\Conor\OneDrive - Abertay University\Documents\GitHub\game_states-conorreid97 - Classes_3\build\vs2017\Win32\Debug\sfml-system-s-d.pdb'; linking object as if no debug info
gef_d3d11.lib(Err.cpp.obj) : warning LNK4099: PDB 'sfml-system-s-d.pdb' was not found with 'gef_d3d11.lib(Err.cpp.obj)' or at 'C:\Users\Conor\OneDrive - Abertay University\Documents\GitHub\game_states-conorreid97 - Classes_3\build\vs2017\Win32\Debug\sfml-system-s-d.pdb'; linking object as if no debug info
gef_d3d11.lib(SoundFileWriterWav.cpp.obj) : warning LNK4099: PDB 'sfml-audio-s-d.pdb' was not found with 'gef_d3d11.lib(SoundFileWriterWav.cpp.obj)' or at 'C:\Users\Conor\OneDrive - Abertay University\Documents\GitHub\game_states-conorreid97 - Classes_3\build\vs2017\Win32\Debug\sfml-audio-s-d.pdb'; linking object as if no debug info
gef_d3d11.lib(SoundFileWriterOgg.cpp.obj) : warning LNK4099: PDB 'sfml-audio-s-d.pdb' was not found with 'gef_d3d11.lib(SoundFileWriterOgg.cpp.obj)' or at 'C:\Users\Conor\OneDrive - Abertay University\Documents\GitHub\game_states-conorreid97 - Classes_3\build\vs2017\Win32\Debug\sfml-audio-s-d.pdb'; linking object as if no debug info
gef_d3d11.lib(SoundFileWriterFlac.cpp.obj) : warning LNK4099: PDB 'sfml-audio-s-d.pdb' was not found with 'gef_d3d11.lib(SoundFileWriterFlac.cpp.obj)' or at 'C:\Users\Conor\OneDrive - Abertay University\Documents\GitHub\game_states-conorreid97 - Classes_3\build\vs2017\Win32\Debug\sfml-audio-s-d.pdb'; linking object as if no debug info
gef_d3d11.lib(SoundFileReaderWav.cpp.obj) : warning LNK4099: PDB 'sfml-audio-s-d.pdb' was not found with 'gef_d3d11.lib(SoundFileReaderWav.cpp.obj)' or at 'C:\Users\Conor\OneDrive - Abertay University\Documents\GitHub\game_states-conorreid97 - Classes_3\build\vs2017\Win32\Debug\sfml-audio-s-d.pdb'; linking object as if no debug info
gef_d3d11.lib(SoundFileReaderOgg.cpp.obj) : warning LNK4099: PDB 'sfml-audio-s-d.pdb' was not found with 'gef_d3d11.lib(SoundFileReaderOgg.cpp.obj)' or at 'C:\Users\Conor\OneDrive - Abertay University\Documents\GitHub\game_states-conorreid97 - Classes_3\build\vs2017\Win32\Debug\sfml-audio-s-d.pdb'; linking object as if no debug info
gef_d3d11.lib(SoundFileReaderFlac.cpp.obj) : warning LNK4099: PDB 'sfml-audio-s-d.pdb' was not found with 'gef_d3d11.lib(SoundFileReaderFlac.cpp.obj)' or at 'C:\Users\Conor\OneDrive - Abertay University\Documents\GitHub\game_states-conorreid97 - Classes_3\build\vs2017\Win32\Debug\sfml-audio-s-d.pdb'; linking object as if no debug info
gef_d3d11.lib(SoundFileFactory.cpp.obj) : warning LNK4099: PDB 'sfml-audio-s-d.pdb' was not found with 'gef_d3d11.lib(SoundFileFactory.cpp.obj)' or at 'C:\Users\Conor\OneDrive - Abertay University\Documents\GitHub\game_states-conorreid97 - Classes_3\build\vs2017\Win32\Debug\sfml-audio-s-d.pdb'; linking object as if no debug info
gef_d3d11.lib(SoundStream.cpp.obj) : warning LNK4099: PDB 'sfml-audio-s-d.pdb' was not found with 'gef_d3d11.lib(SoundStream.cpp.obj)' or at 'C:\Users\Conor\OneDrive - Abertay University\Documents\GitHub\game_states-conorreid97 - Classes_3\build\vs2017\Win32\Debug\sfml-audio-s-d.pdb'; linking object as if no debug info
gef_d3d11.lib(SoundSource.cpp.obj) : warning LNK4099: PDB 'sfml-audio-s-d.pdb' was not found with 'gef_d3d11.lib(SoundSource.cpp.obj)' or at 'C:\Users\Conor\OneDrive - Abertay University\Documents\GitHub\game_states-conorreid97 - Classes_3\build\vs2017\Win32\Debug\sfml-audio-s-d.pdb'; linking object as if no debug info
gef_d3d11.lib(OutputSoundFile.cpp.obj) : warning LNK4099: PDB 'sfml-audio-s-d.pdb' was not found with 'gef_d3d11.lib(OutputSoundFile.cpp.obj)' or at 'C:\Users\Conor\OneDrive - Abertay University\Documents\GitHub\game_states-conorreid97 - Classes_3\build\vs2017\Win32\Debug\sfml-audio-s-d.pdb'; linking object as if no debug info
gef_d3d11.lib(InputSoundFile.cpp.obj) : warning LNK4099: PDB '' was not found with 'gef_d3d11.lib(InputSoundFile.cpp.obj)' or at ''; linking object as if no debug info
gef_d3d11.lib(SoundBuffer.cpp.obj) : warning LNK4099: PDB '' was not found with 'gef_d3d11.lib(SoundBuffer.cpp.obj)' or at ''; linking object as if no debug info
gef_d3d11.lib(Sound.cpp.obj) : warning LNK4099: PDB 'sfml-audio-s-d.pdb' was not found with 'gef_d3d11.lib(Sound.cpp.obj)' or at 'C:\Users\Conor\OneDrive - Abertay University\Documents\GitHub\game_states-conorreid97 - Classes_3\build\vs2017\Win32\Debug\sfml-audio-s-d.pdb'; linking object as if no debug info
gef_d3d11.lib(Music.cpp.obj) : warning LNK4099: PDB 'sfml-audio-s-d.pdb' was not found with 'gef_d3d11.lib(Music.cpp.obj)' or at 'C:\Users\Conor\OneDrive - Abertay University\Documents\GitHub\game_states-conorreid97 - Classes_3\build\vs2017\Win32\Debug\sfml-audio-s-d.pdb'; linking object as if no debug info
gef_d3d11.lib(Listener.cpp.obj) : warning LNK4099: PDB 'sfml-audio-s-d.pdb' was not found with 'gef_d3d11.lib(Listener.cpp.obj)' or at 'C:\Users\Conor\OneDrive - Abertay University\Documents\GitHub\game_states-conorreid97 - Classes_3\build\vs2017\Win32\Debug\sfml-audio-s-d.pdb'; linking object as if no debug info
gef_d3d11.lib(AudioDevice.cpp.obj) : warning LNK4099: PDB '' was not found with 'gef_d3d11.lib(AudioDevice.cpp.obj)' or at ''; linking object as if no debug info
gef_d3d11.lib(AlResource.cpp.obj) : warning LNK4099: PDB 'sfml-audio-s-d.pdb' was not found with 'gef_d3d11.lib(AlResource.cpp.obj)' or at 'C:\Users\Conor\OneDrive - Abertay University\Documents\GitHub\game_states-conorreid97 - Classes_3\build\vs2017\Win32\Debug\sfml-audio-s-d.pdb'; linking object as if no debug info
gef_d3d11.lib(ALCheck.cpp.obj) : warning LNK4099: PDB 'sfml-audio-s-d.pdb' was not found with 'gef_d3d11.lib(ALCheck.cpp.obj)' or at 'C:\Users\Conor\OneDrive - Abertay University\Documents\GitHub\game_states-conorreid97 - Classes_3\build\vs2017\Win32\Debug\sfml-audio-s-d.pdb'; linking object as if no debug info
  scene_app.vcxproj -> C:\Users\Conor\OneDrive - Abertay University\Documents\GitHub\game_states-conorreid97 - Classes_3\build\vs2017\Win32\Debug\scene_app.exe
